<?xml version="1.0" encoding="UTF-8"?>
<testsuite name="NoteTest" tests="3" skipped="0" failures="0" errors="0" timestamp="2022-04-04T19:44:11" hostname="v1040-wn-rt-b-31-19.campus-dynamic.uwaterloo.ca" time="0.002">
  <properties/>
  <testcase name="testNote1" classname="NoteTest" time="0.001"/>
  <testcase name="testNote2" classname="NoteTest" time="0.0"/>
  <testcase name="testNote3" classname="NoteTest" time="0.0"/>
  <system-out><![CDATA[]]></system-out>
  <system-err><![CDATA[]]></system-err>
</testsuite>
